This file contains any messages produced by compilers while
running configure, to aid debugging if configure makes a mistake.

It was created by sqlite_modern_cpp configure 3.2, which was
generated by GNU Autoconf 2.69.  Invocation command line was

  $ ./configure 

## --------- ##
## Platform. ##
## --------- ##

hostname = LT-T460
uname -m = x86_64
uname -r = 5.4.2-arch1-1
uname -s = Linux
uname -v = #1 SMP PREEMPT Thu, 05 Dec 2019 12:29:40 +0000

/usr/bin/uname -p = unknown
/bin/uname -X     = unknown

/bin/arch              = unknown
/usr/bin/arch -k       = unknown
/usr/convex/getsysinfo = unknown
/usr/bin/hostinfo      = unknown
/bin/machine           = unknown
/usr/bin/oslevel       = unknown
/bin/universe          = unknown

PATH: /home/leo/bin
PATH: /usr/local/bin
PATH: /usr/local/sbin
PATH: /usr/local/bin
PATH: /usr/bin
PATH: /usr/lib/jvm/default/bin
PATH: /usr/bin/site_perl
PATH: /usr/bin/vendor_perl
PATH: /usr/bin/core_perl


## ----------- ##
## Core tests. ##
## ----------- ##

configure:2077: checking for g++
configure:2093: found /usr/bin/g++
configure:2104: result: g++
configure:2131: checking for C++ compiler version
configure:2140: g++ --version >&5
g++ (GCC) 9.2.0
Copyright (C) 2019 Free Software Foundation, Inc.
This is free software; see the source for copying conditions.  There is NO
warranty; not even for MERCHANTABILITY or FITNESS FOR A PARTICULAR PURPOSE.

configure:2151: $? = 0
configure:2140: g++ -v >&5
Using built-in specs.
COLLECT_GCC=g++
COLLECT_LTO_WRAPPER=/usr/lib/gcc/x86_64-pc-linux-gnu/9.2.0/lto-wrapper
Target: x86_64-pc-linux-gnu
Configured with: /build/gcc/src/gcc/configure --prefix=/usr --libdir=/usr/lib --libexecdir=/usr/lib --mandir=/usr/share/man --infodir=/usr/share/info --with-bugurl=https://bugs.archlinux.org/ --enable-languages=c,c++,ada,fortran,go,lto,objc,obj-c++,d --enable-shared --enable-threads=posix --with-system-zlib --with-isl --enable-__cxa_atexit --disable-libunwind-exceptions --enable-clocale=gnu --disable-libstdcxx-pch --disable-libssp --enable-gnu-unique-object --enable-linker-build-id --enable-lto --enable-plugin --enable-install-libiberty --with-linker-hash-style=gnu --enable-gnu-indirect-function --enable-multilib --disable-werror --enable-checking=release --enable-default-pie --enable-default-ssp --enable-cet=auto gdc_include_dir=/usr/include/dlang/gdc
Thread model: posix
gcc version 9.2.0 (GCC) 
configure:2151: $? = 0
configure:2140: g++ -V >&5
g++: error: unrecognized command line option '-V'
g++: fatal error: no input files
compilation terminated.
configure:2151: $? = 1
configure:2140: g++ -qversion >&5
g++: error: unrecognized command line option '-qversion'; did you mean '--version'?
g++: fatal error: no input files
compilation terminated.
configure:2151: $? = 1
configure:2171: checking whether the C++ compiler works
configure:2193: g++    conftest.cpp  >&5
configure:2197: $? = 0
configure:2245: result: yes
configure:2248: checking for C++ compiler default output file name
configure:2250: result: a.out
configure:2256: checking for suffix of executables
configure:2263: g++ -o conftest    conftest.cpp  >&5
configure:2267: $? = 0
configure:2289: result: 
configure:2311: checking whether we are cross compiling
configure:2319: g++ -o conftest    conftest.cpp  >&5
configure:2323: $? = 0
configure:2330: ./conftest
configure:2334: $? = 0
configure:2322: result: no
configure:2327: checking for suffix of object files
configure:2349: g++ -c   conftest.cpp >&5
configure:2353: $? = 0
configure:2374: result: o
configure:2378: checking whether we are using the GNU C++ compiler
configure:2397: g++ -c   conftest.cpp >&5
configure:2397: $? = 0
configure:2406: result: yes
configure:2415: checking whether g++ accepts -g
configure:2435: g++ -c -g  conftest.cpp >&5
configure:2435: $? = 0
configure:2476: result: yes
configure:2518: checking if compiler flag -Wall works
configure:2534: g++ -c -g -O2 -Wall  conftest.cpp >&5
configure:2534: $? = 0
configure:2547: result: yes
configure:2560: checking if compiler flag -Wextra works
configure:2575: g++ -c -g -O2 -Wall -Wextra  conftest.cpp >&5
configure:2575: $? = 0
configure:2588: result: yes
configure:2601: checking if compiler flag -pedantic works
configure:2616: g++ -c -g -O2 -Wall -Wextra -pedantic  conftest.cpp >&5
configure:2616: $? = 0
configure:2629: result: yes
configure:2642: checking if compiler flag -W works
configure:2657: g++ -c -g -O2 -Wall -Wextra -pedantic -W  conftest.cpp >&5
configure:2657: $? = 0
configure:2670: result: yes
configure:2683: checking if compiler flag -O3 works
configure:2698: g++ -c -g -O2 -Wall -Wextra -pedantic -W -O3  conftest.cpp >&5
configure:2698: $? = 0
configure:2711: result: yes
configure:2724: checking if compiler flag -Werror works
configure:2739: g++ -c -g -O2 -Wall -Wextra -pedantic -W -O3 -Werror  conftest.cpp >&5
configure:2739: $? = 0
configure:2752: result: yes
configure:2765: checking if compiler flag -std=c++14 works
configure:2780: g++ -c -g -O2 -Wall -Wextra -pedantic -W -O3 -Werror -std=c++14  conftest.cpp >&5
configure:2780: $? = 0
configure:2793: result: yes
configure:2810: checking for pkg-config
configure:2828: found /usr/bin/pkg-config
configure:2840: result: /usr/bin/pkg-config
configure:2855: checking for sed
configure:2871: found /usr/bin/sed
configure:2883: result: sed
configure:2891: checking for pkg-config library dir
configure:2895: result: ${exec_prefix}/lib/pkgconfig
configure:2913: checking how to run the C++ preprocessor
configure:2940: g++ -E  conftest.cpp
configure:2940: $? = 0
configure:2954: g++ -E  conftest.cpp
conftest.cpp:9:10: fatal error: ac_nonexistent.h: No such file or directory
    9 | #include <ac_nonexistent.h>
      |          ^~~~~~~~~~~~~~~~~~
compilation terminated.
configure:2954: $? = 1
configure: failed program was:
| /* confdefs.h */
| #define PACKAGE_NAME "sqlite_modern_cpp"
| #define PACKAGE_TARNAME "sqlite_modern_cpp"
| #define PACKAGE_VERSION "3.2"
| #define PACKAGE_STRING "sqlite_modern_cpp 3.2"
| #define PACKAGE_BUGREPORT ""
| #define PACKAGE_URL ""
| /* end confdefs.h.  */
| #include <ac_nonexistent.h>
configure:2979: result: g++ -E
configure:2999: g++ -E  conftest.cpp
configure:2999: $? = 0
configure:3013: g++ -E  conftest.cpp
conftest.cpp:9:10: fatal error: ac_nonexistent.h: No such file or directory
    9 | #include <ac_nonexistent.h>
      |          ^~~~~~~~~~~~~~~~~~
compilation terminated.
configure:3013: $? = 1
configure: failed program was:
| /* confdefs.h */
| #define PACKAGE_NAME "sqlite_modern_cpp"
| #define PACKAGE_TARNAME "sqlite_modern_cpp"
| #define PACKAGE_VERSION "3.2"
| #define PACKAGE_STRING "sqlite_modern_cpp 3.2"
| #define PACKAGE_BUGREPORT ""
| #define PACKAGE_URL ""
| /* end confdefs.h.  */
| #include <ac_nonexistent.h>
configure:3042: checking for grep that handles long lines and -e
configure:3100: result: /usr/bin/grep
configure:3105: checking for egrep
configure:3167: result: /usr/bin/grep -E
configure:3172: checking for ANSI C header files
configure:3192: g++ -c -g -O2 -Wall -Wextra -pedantic -W -O3 -Werror -std=c++14  conftest.cpp >&5
configure:3192: $? = 0
configure:3265: g++ -o conftest -g -O2 -Wall -Wextra -pedantic -W -O3 -Werror -std=c++14   conftest.cpp  >&5
configure:3265: $? = 0
configure:3265: ./conftest
configure:3265: $? = 0
configure:3276: result: yes
configure:3289: checking for sys/types.h
configure:3289: g++ -c -g -O2 -Wall -Wextra -pedantic -W -O3 -Werror -std=c++14  conftest.cpp >&5
configure:3289: $? = 0
configure:3289: result: yes
configure:3289: checking for sys/stat.h
configure:3289: g++ -c -g -O2 -Wall -Wextra -pedantic -W -O3 -Werror -std=c++14  conftest.cpp >&5
configure:3289: $? = 0
configure:3289: result: yes
configure:3289: checking for stdlib.h
configure:3289: g++ -c -g -O2 -Wall -Wextra -pedantic -W -O3 -Werror -std=c++14  conftest.cpp >&5
configure:3289: $? = 0
configure:3289: result: yes
configure:3289: checking for string.h
configure:3289: g++ -c -g -O2 -Wall -Wextra -pedantic -W -O3 -Werror -std=c++14  conftest.cpp >&5
configure:3289: $? = 0
configure:3289: result: yes
configure:3289: checking for memory.h
configure:3289: g++ -c -g -O2 -Wall -Wextra -pedantic -W -O3 -Werror -std=c++14  conftest.cpp >&5
configure:3289: $? = 0
configure:3289: result: yes
configure:3289: checking for strings.h
configure:3289: g++ -c -g -O2 -Wall -Wextra -pedantic -W -O3 -Werror -std=c++14  conftest.cpp >&5
configure:3289: $? = 0
configure:3289: result: yes
configure:3289: checking for inttypes.h
configure:3289: g++ -c -g -O2 -Wall -Wextra -pedantic -W -O3 -Werror -std=c++14  conftest.cpp >&5
configure:3289: $? = 0
configure:3289: result: yes
configure:3289: checking for stdint.h
configure:3289: g++ -c -g -O2 -Wall -Wextra -pedantic -W -O3 -Werror -std=c++14  conftest.cpp >&5
configure:3289: $? = 0
configure:3289: result: yes
configure:3289: checking for unistd.h
configure:3289: g++ -c -g -O2 -Wall -Wextra -pedantic -W -O3 -Werror -std=c++14  conftest.cpp >&5
configure:3289: $? = 0
configure:3289: result: yes
configure:3303: checking sqlite3.h usability
configure:3303: g++ -c -g -O2 -Wall -Wextra -pedantic -W -O3 -Werror -std=c++14  conftest.cpp >&5
configure:3303: $? = 0
configure:3303: result: yes
configure:3303: checking sqlite3.h presence
configure:3303: g++ -E  conftest.cpp
configure:3303: $? = 0
configure:3303: result: yes
configure:3303: checking for sqlite3.h
configure:3303: result: yes
configure:3315: checking for sqlite3_finalize in -lsqlite3
configure:3340: g++ -o conftest -g -O2 -Wall -Wextra -pedantic -W -O3 -Werror -std=c++14   conftest.cpp -lsqlite3   >&5
configure:3340: $? = 0
configure:3349: result: yes
configure:3512: creating ./config.status

## ---------------------- ##
## Running config.status. ##
## ---------------------- ##

This file was extended by sqlite_modern_cpp config.status 3.2, which was
generated by GNU Autoconf 2.69.  Invocation command line was

  CONFIG_FILES    = 
  CONFIG_HEADERS  = 
  CONFIG_LINKS    = 
  CONFIG_COMMANDS = 
  $ ./config.status 

on LT-T460

config.status:724: creating sqlite_modern_cpp.pc
config.status:724: creating Makefile

## ---------------- ##
## Cache variables. ##
## ---------------- ##

ac_cv_cxx_compiler_gnu=yes
ac_cv_env_CCC_set=
ac_cv_env_CCC_value=
ac_cv_env_CPPFLAGS_set=
ac_cv_env_CPPFLAGS_value=
ac_cv_env_CXXCPP_set=
ac_cv_env_CXXCPP_value=
ac_cv_env_CXXFLAGS_set=
ac_cv_env_CXXFLAGS_value=
ac_cv_env_CXX_set=
ac_cv_env_CXX_value=
ac_cv_env_LDFLAGS_set=
ac_cv_env_LDFLAGS_value=
ac_cv_env_LIBS_set=
ac_cv_env_LIBS_value=
ac_cv_env_build_alias_set=
ac_cv_env_build_alias_value=
ac_cv_env_host_alias_set=
ac_cv_env_host_alias_value=
ac_cv_env_target_alias_set=
ac_cv_env_target_alias_value=
ac_cv_header_inttypes_h=yes
ac_cv_header_memory_h=yes
ac_cv_header_sqlite3_h=yes
ac_cv_header_stdc=yes
ac_cv_header_stdint_h=yes
ac_cv_header_stdlib_h=yes
ac_cv_header_string_h=yes
ac_cv_header_strings_h=yes
ac_cv_header_sys_stat_h=yes
ac_cv_header_sys_types_h=yes
ac_cv_header_unistd_h=yes
ac_cv_lib_sqlite3_sqlite3_finalize=yes
ac_cv_objext=o
ac_cv_path_EGREP='/usr/bin/grep -E'
ac_cv_path_GREP=/usr/bin/grep
ac_cv_path_PKG_CONFIG=/usr/bin/pkg-config
ac_cv_prog_CXXCPP='g++ -E'
ac_cv_prog_SED=sed
ac_cv_prog_ac_ct_CXX=g++
ac_cv_prog_cxx_g=yes

## ----------------- ##
## Output variables. ##
## ----------------- ##

CPPFLAGS=''
CXX='g++'
CXXCPP='g++ -E'
CXXFLAGS='-g -O2 -Wall -Wextra -pedantic -W -O3 -Werror -std=c++14'
DEFS='-DPACKAGE_NAME=\"sqlite_modern_cpp\" -DPACKAGE_TARNAME=\"sqlite_modern_cpp\" -DPACKAGE_VERSION=\"3.2\" -DPACKAGE_STRING=\"sqlite_modern_cpp\ 3.2\" -DPACKAGE_BUGREPORT=\"\" -DPACKAGE_URL=\"\" -DSTDC_HEADERS=1 -DHAVE_SYS_TYPES_H=1 -DHAVE_SYS_STAT_H=1 -DHAVE_STDLIB_H=1 -DHAVE_STRING_H=1 -DHAVE_MEMORY_H=1 -DHAVE_STRINGS_H=1 -DHAVE_INTTYPES_H=1 -DHAVE_STDINT_H=1 -DHAVE_UNISTD_H=1 -DHAVE_SQLITE3_H=1 -DHAVE_LIBSQLITE3=1'
ECHO_C=''
ECHO_N='-n'
ECHO_T=''
EGREP='/usr/bin/grep -E'
EXEEXT=''
GREP='/usr/bin/grep'
LDFLAGS=''
LIBOBJS=''
LIBS='-lsqlite3 '
LTLIBOBJS=''
OBJEXT='o'
PACKAGE_BUGREPORT=''
PACKAGE_NAME='sqlite_modern_cpp'
PACKAGE_STRING='sqlite_modern_cpp 3.2'
PACKAGE_TARNAME='sqlite_modern_cpp'
PACKAGE_URL=''
PACKAGE_VERSION='3.2'
PATH_SEPARATOR=':'
PKGCONFIG_LIBDIR='${exec_prefix}/lib/pkgconfig'
PKG_CONFIG='/usr/bin/pkg-config'
SED='sed'
SHELL='/bin/sh'
VERSION='3.2'
ac_ct_CXX='g++'
bindir='${exec_prefix}/bin'
build_alias=''
datadir='${datarootdir}'
datarootdir='${prefix}/share'
docdir='${datarootdir}/doc/${PACKAGE_TARNAME}'
dvidir='${docdir}'
exec_prefix='${prefix}'
host_alias=''
htmldir='${docdir}'
includedir='${prefix}/include'
infodir='${datarootdir}/info'
libdir='${exec_prefix}/lib'
libexecdir='${exec_prefix}/libexec'
localedir='${datarootdir}/locale'
localstatedir='${prefix}/var'
mandir='${datarootdir}/man'
oldincludedir='/usr/include'
pdfdir='${docdir}'
prefix='/usr/local'
program_transform_name='s,x,x,'
psdir='${docdir}'
sbindir='${exec_prefix}/sbin'
sharedstatedir='${prefix}/com'
sysconfdir='${prefix}/etc'
target_alias=''

## ----------- ##
## confdefs.h. ##
## ----------- ##

/* confdefs.h */
#define PACKAGE_NAME "sqlite_modern_cpp"
#define PACKAGE_TARNAME "sqlite_modern_cpp"
#define PACKAGE_VERSION "3.2"
#define PACKAGE_STRING "sqlite_modern_cpp 3.2"
#define PACKAGE_BUGREPORT ""
#define PACKAGE_URL ""
#define STDC_HEADERS 1
#define HAVE_SYS_TYPES_H 1
#define HAVE_SYS_STAT_H 1
#define HAVE_STDLIB_H 1
#define HAVE_STRING_H 1
#define HAVE_MEMORY_H 1
#define HAVE_STRINGS_H 1
#define HAVE_INTTYPES_H 1
#define HAVE_STDINT_H 1
#define HAVE_UNISTD_H 1
#define HAVE_SQLITE3_H 1
#define HAVE_LIBSQLITE3 1

configure: exit 0
